0 info it worked if it ends with ok
1 verbose cli [ 'node', '/Users/samar/github/nvm/v0.10.22/bin/npm', 'start' ]
2 info using npm@2.1.10
3 info using node@v0.10.22
4 verbose run-script [ 'prestart', 'start', 'poststart' ]
5 info prestart nrl-test@0.0.1
6 info start nrl-test@0.0.1
7 verbose unsafe-perm in lifecycle true
8 info nrl-test@0.0.1 Failed to exec start script
9 verbose stack Error: nrl-test@0.0.1 start: `gulp default`
9 verbose stack Exit status 8
9 verbose stack     at EventEmitter.<anonymous> (/Users/samar/github/nvm/v0.10.22/lib/node_modules/npm/lib/utils/lifecycle.js:212:16)
9 verbose stack     at EventEmitter.emit (events.js:98:17)
9 verbose stack     at ChildProcess.<anonymous> (/Users/samar/github/nvm/v0.10.22/lib/node_modules/npm/lib/utils/spawn.js:14:12)
9 verbose stack     at ChildProcess.EventEmitter.emit (events.js:98:17)
9 verbose stack     at maybeClose (child_process.js:735:16)
9 verbose stack     at Process.ChildProcess._handle.onexit (child_process.js:802:5)
10 verbose pkgid nrl-test@0.0.1
11 verbose cwd /Users/samar/Projects/nrl-test
12 error Darwin 14.5.0
13 error argv "node" "/Users/samar/github/nvm/v0.10.22/bin/npm" "start"
14 error node v0.10.22
15 error npm  v2.1.10
16 error code ELIFECYCLE
17 error nrl-test@0.0.1 start: `gulp default`
17 error Exit status 8
18 error Failed at the nrl-test@0.0.1 start script 'gulp default'.
18 error This is most likely a problem with the nrl-test package,
18 error not with npm itself.
18 error Tell the author that this fails on your system:
18 error     gulp default
18 error You can get their info via:
18 error     npm owner ls nrl-test
18 error There is likely additional logging output above.
19 verbose exit [ 1, true ]
